<?xml version="1.0" encoding="UTF-8"?>
<!-- Generated by org.testng.reporters.JUnitReportReporter -->
<testsuite skipped="0" hostname="IXED-DESKSLM015" name="com.iexceed.TraditionalTestsV1.FilterTest" tests="1" failures="0" timestamp="22 Jun 2020 11:38:55 GMT" time="26.258" errors="0">
  <testcase name="Task2" time="26.258" classname="com.iexceed.TraditionalTestsV1.FilterTest"/>
</testsuite> <!-- com.iexceed.TraditionalTestsV1.FilterTest -->
