<?xml version="1.0" encoding="UTF-8"?>
<!-- Generated by org.testng.reporters.JUnitReportReporter -->
<testsuite hostname="IXED-DESKSLM015" name="com.iexceed.TraditionalTestsV1.CrossBrowserElementsTest" tests="2" failures="0" timestamp="29 Jun 2020 09:24:27 GMT" time="20.145" errors="1">
  <testcase name="Laptop_Desktop" time="0.101" classname="com.iexceed.TraditionalTestsV1.CrossBrowserElementsTest">
    <error type="java.lang.IllegalStateException" message="The driver is not executable: /home/i-exceed.com/surendar.govindharaj/Documents/JavaProjects/TraditionalTestsV1/./Drivers/geckodriver">
      <![CDATA[java.lang.IllegalStateException: The driver is not executable: /home/i-exceed.com/surendar.govindharaj/Documents/JavaProjects/TraditionalTestsV1/./Drivers/geckodriver
	at com.google.common.base.Preconditions.checkState(Preconditions.java:585)
	at org.openqa.selenium.remote.service.DriverService.checkExecutable(DriverService.java:150)
	at org.openqa.selenium.remote.service.DriverService.findExecutable(DriverService.java:141)
	at org.openqa.selenium.firefox.GeckoDriverService.access$100(GeckoDriverService.java:44)
	at org.openqa.selenium.firefox.GeckoDriverService$Builder.findDefaultExecutable(GeckoDriverService.java:167)
	at org.openqa.selenium.remote.service.DriverService$Builder.build(DriverService.java:355)
	at org.openqa.selenium.firefox.FirefoxDriver.toExecutor(FirefoxDriver.java:190)
	at org.openqa.selenium.firefox.FirefoxDriver.<init>(FirefoxDriver.java:147)
	at org.openqa.selenium.firefox.FirefoxDriver.<init>(FirefoxDriver.java:125)
	at com.iexceed.TraditionalTestsV1.BaseClass.GetDriver(BaseClass.java:69)
	at com.iexceed.TraditionalTestsV1.CrossBrowserElementsTest.Laptop_Desktop(CrossBrowserElementsTest.java:29)
	at sun.reflect.NativeMethodAccessorImpl.invoke0(Native Method)
	at sun.reflect.NativeMethodAccessorImpl.invoke(NativeMethodAccessorImpl.java:62)
	at sun.reflect.DelegatingMethodAccessorImpl.invoke(DelegatingMethodAccessorImpl.java:43)
	at java.lang.reflect.Method.invoke(Method.java:498)
	at org.testng.internal.MethodInvocationHelper.invokeMethod(MethodInvocationHelper.java:85)
	at org.testng.internal.Invoker.invokeMethod(Invoker.java:663)
	at org.testng.internal.Invoker.invokeTestMethod(Invoker.java:849)
	at org.testng.internal.Invoker.invokeTestMethods(Invoker.java:1157)
	at org.testng.internal.TestMethodWorker.invokeTestMethods(TestMethodWorker.java:124)
	at org.testng.internal.TestMethodWorker.run(TestMethodWorker.java:108)
	at org.testng.TestRunner.privateRun(TestRunner.java:771)
	at org.testng.TestRunner.run(TestRunner.java:621)
	at org.testng.SuiteRunner.runTest(SuiteRunner.java:357)
	at org.testng.SuiteRunner.runSequentially(SuiteRunner.java:352)
	at org.testng.SuiteRunner.privateRun(SuiteRunner.java:310)
	at org.testng.SuiteRunner.run(SuiteRunner.java:259)
	at org.testng.SuiteRunnerWorker.runSuite(SuiteRunnerWorker.java:52)
	at org.testng.SuiteRunnerWorker.run(SuiteRunnerWorker.java:86)
	at org.testng.TestNG.runSuitesSequentially(TestNG.java:1200)
	at org.testng.TestNG.runSuitesLocally(TestNG.java:1125)
	at org.testng.TestNG.run(TestNG.java:1033)
	at org.testng.remote.RemoteTestNG.run(RemoteTestNG.java:111)
	at org.testng.remote.RemoteTestNG.initAndRun(RemoteTestNG.java:204)
	at org.testng.remote.RemoteTestNG.main(RemoteTestNG.java:175)
]]>
    </error>
  </testcase> <!-- Laptop_Desktop -->
  <testcase name="Laptop_Desktop" time="20.044" classname="com.iexceed.TraditionalTestsV1.CrossBrowserElementsTest"/>
</testsuite> <!-- com.iexceed.TraditionalTestsV1.CrossBrowserElementsTest -->
