<?xml version="1.0" encoding="UTF-8"?>
<!-- Generated by org.testng.reporters.JUnitReportReporter -->
<testsuite skipped="0" hostname="IXED-DESKSLM015" name="com.iexceed.TraditionalTestsV1.ProductDetailsTest" tests="5" failures="0" timestamp="26 Jun 2020 07:47:11 GMT" time="107.653" errors="0">
  <testcase name="Tab" time="38.241" classname="com.iexceed.TraditionalTestsV1.ProductDetailsTest"/>
  <testcase name="Laptop_Desktop" time="13.690" classname="com.iexceed.TraditionalTestsV1.ProductDetailsTest"/>
  <testcase name="Laptop_Desktop" time="8.274" classname="com.iexceed.TraditionalTestsV1.ProductDetailsTest"/>
  <testcase name="Tab" time="28.732" classname="com.iexceed.TraditionalTestsV1.ProductDetailsTest"/>
  <testcase name="Mobile" time="18.716" classname="com.iexceed.TraditionalTestsV1.ProductDetailsTest"/>
</testsuite> <!-- com.iexceed.TraditionalTestsV1.ProductDetailsTest -->
