<?xml version="1.0" encoding="UTF-8"?>
<!-- Generated by org.testng.reporters.JUnitReportReporter -->
<testsuite skipped="0" hostname="IXED-DESKSLM015" name="com.iexceed.TraditionalTestsV1.ShoppingExperienceTest" tests="5" failures="0" timestamp="26 Jun 2020 07:43:44 GMT" time="78.084" errors="0">
  <testcase name="Laptop_Desktop" time="16.980" classname="com.iexceed.TraditionalTestsV1.ShoppingExperienceTest"/>
  <testcase name="Laptop_Desktop" time="6.314" classname="com.iexceed.TraditionalTestsV1.ShoppingExperienceTest"/>
  <testcase name="Tab" time="21.089" classname="com.iexceed.TraditionalTestsV1.ShoppingExperienceTest"/>
  <testcase name="Tab" time="15.180" classname="com.iexceed.TraditionalTestsV1.ShoppingExperienceTest"/>
  <testcase name="Mobile" time="18.521" classname="com.iexceed.TraditionalTestsV1.ShoppingExperienceTest"/>
</testsuite> <!-- com.iexceed.TraditionalTestsV1.ShoppingExperienceTest -->
