<?xml version="1.0" encoding="UTF-8"?>
<!-- Generated by org.testng.reporters.JUnitReportReporter -->
<testsuite skipped="0" hostname="IXED-DESKSLM015" name="com.iexceed.TraditionalTestsV1.ProductIconsTest" tests="1" failures="0" timestamp="22 Jun 2020 11:16:41 GMT" time="6.677" errors="0">
  <testcase name="SampleTest" time="6.677" classname="com.iexceed.TraditionalTestsV1.ProductIconsTest"/>
</testsuite> <!-- com.iexceed.TraditionalTestsV1.ProductIconsTest -->
