<?xml version="1.0" encoding="UTF-8"?>
<!-- Generated by org.testng.reporters.JUnitReportReporter -->
<testsuite hostname="IXED-DESKSLM015" name="com.iexceed.TraditionalTestsV1.Task1" tests="5" failures="0" timestamp="30 Jun 2020 05:37:51 GMT" time="98.320" errors="0">
  <testcase name="Laptop_Desktop" time="27.814" classname="com.iexceed.TraditionalTestsV1.Task1"/>
  <testcase name="Mobile" time="15.953" classname="com.iexceed.TraditionalTestsV1.Task1"/>
  <testcase name="Tab" time="21.571" classname="com.iexceed.TraditionalTestsV1.Task1"/>
  <testcase name="Tab" time="16.484" classname="com.iexceed.TraditionalTestsV1.Task1"/>
  <testcase name="Laptop_Desktop" time="16.498" classname="com.iexceed.TraditionalTestsV1.Task1"/>
</testsuite> <!-- com.iexceed.TraditionalTestsV1.Task1 -->
